<?xml version="1.0" encoding="UTF-8"?>
<testng-results ignored="0" total="1" passed="1" failed="0" skipped="0">
  <reporter-output>
  </reporter-output>
  <suite started-at="٢٠٢٥-٠٤-٠١T١٢:٢٩:٥٨ EET" name="OrangeHRM User Management Suite" finished-at="٢٠٢٥-٠٤-٠١T١٢:٣٠:٢١ EET" duration-ms="22788">
    <groups>
      <group name="cucumber">
        <method signature="AbstractTestNGCucumberTests.runScenario(io.cucumber.testng.PickleWrapper,io.cucumber.testng.FeatureWrapper)[pri:0, instance:runners.TestRunner@130d63be]" name="runScenario" class="io.cucumber.testng.AbstractTestNGCucumberTests"/>
      </group> <!-- cucumber -->
    </groups>
    <test started-at="٢٠٢٥-٠٤-٠١T١٢:٢٩:٥٨ EET" name="Cucumber Tests" finished-at="٢٠٢٥-٠٤-٠١T١٢:٣٠:٢١ EET" duration-ms="22788">
      <class name="runners.TestRunner">
        <test-method is-config="true" signature="setUpClass(org.testng.ITestContext)[pri:0, instance:runners.TestRunner@130d63be]" started-at="٢٠٢٥-٠٤-٠١T١٢:٢٩:٥٨ EET" name="setUpClass" finished-at="٢٠٢٥-٠٤-٠١T١٢:٢٩:٥٩ EET" duration-ms="530" status="PASS">
          <params>
            <param index="0">
              <value>
                <![CDATA[org.testng.TestRunner@33379242]]>
              </value>
            </param>
          </params>
          <reporter-output>
          </reporter-output>
        </test-method> <!-- setUpClass -->
        <test-method signature="runScenario(io.cucumber.testng.PickleWrapper,io.cucumber.testng.FeatureWrapper)[pri:0, instance:runners.TestRunner@130d63be]" started-at="٢٠٢٥-٠٤-٠١T١٢:٢٩:٥٩ EET" name="runScenario" description="Runs Cucumber Scenarios" data-provider="scenarios" finished-at="٢٠٢٥-٠٤-٠١T١٢:٣٠:٢١ EET" duration-ms="22126" status="PASS">
          <params>
            <param index="0">
              <value>
                <![CDATA["Add and Delete User"]]>
              </value>
            </param>
            <param index="1">
              <value>
                <![CDATA["OrangeHRM User Management"]]>
              </value>
            </param>
          </params>
          <reporter-output>
          </reporter-output>
        </test-method> <!-- runScenario -->
        <test-method is-config="true" signature="tearDownClass()[pri:0, instance:runners.TestRunner@130d63be]" started-at="٢٠٢٥-٠٤-٠١T١٢:٣٠:٢١ EET" name="tearDownClass" finished-at="٢٠٢٥-٠٤-٠١T١٢:٣٠:٢١ EET" duration-ms="91" status="PASS">
          <reporter-output>
          </reporter-output>
        </test-method> <!-- tearDownClass -->
      </class> <!-- runners.TestRunner -->
    </test> <!-- Cucumber Tests -->
  </suite> <!-- OrangeHRM User Management Suite -->
</testng-results>
